*** Using Compiler 'V5.06 update 7 (build 960)', folder: 'C:\Keil_v5\ARM\ARMCC\Bin'
Build target 'test_CAN_HAL'
assembling startup_stm32f103xb.s...
compiling usart.c...
compiling main.c...
compiling crc.c...
compiling stm32f1xx_it.c...
compiling can.c...
compiling stm32f1xx_hal_msp.c...
compiling gpio.c...
compiling stm32f1xx_hal.c...
compiling stm32f1xx_hal_gpio_ex.c...
compiling stm32f1xx_hal_can.c...
compiling stm32f1xx_hal_gpio.c...
compiling stm32f1xx_hal_rcc_ex.c...
compiling stm32f1xx_hal_dma.c...
compiling stm32f1xx_hal_rcc.c...
compiling stm32f1xx_hal_flash_ex.c...
compiling stm32f1xx_hal_cortex.c...
compiling stm32f1xx_hal_crc.c...
compiling stm32f1xx_hal_exti.c...
compiling stm32f1xx_hal_pwr.c...
compiling stm32f1xx_hal_flash.c...
compiling stm32f1xx_hal_uart.c...
compiling system_stm32f1xx.c...
compiling Int_can.c...
compiling int_bootloader.c...
compiling App_bootloader.c...
compiling app_update.c...
linking...
Program Size: Code=10240 RO-data=380 RW-data=52 ZI-data=1796  
FromELF: creating hex file...
"test_CAN_HAL\test_CAN_HAL.axf" - 0 Error(s), 0 Warning(s).
Build Time Elapsed:  00:00:17
