*** Using Compiler 'V5.06 update 7 (build 960)', folder: 'C:\Keil_v5\ARM\ARMCC\Bin'
Build target 'LED_W'
assembling startup_stm32f407xx.s...
compiling crc.c...
compiling usart.c...
compiling i2c.c...
compiling can.c...
compiling gpio.c...
compiling main.c...
compiling spi.c...
compiling stm32f4xx_it.c...
compiling stm32f4xx_hal_flash_ex.c...
compiling stm32f4xx_hal_rcc_ex.c...
compiling stm32f4xx_hal_flash.c...
compiling stm32f4xx_hal_msp.c...
compiling stm32f4xx_hal_can.c...
compiling stm32f4xx_hal_rcc.c...
compiling stm32f4xx_hal_flash_ramfunc.c...
compiling stm32f4xx_hal_cortex.c...
compiling stm32f4xx_hal_pwr_ex.c...
compiling stm32f4xx_hal_gpio.c...
compiling stm32f4xx_hal_dma.c...
compiling stm32f4xx_hal_pwr.c...
compiling stm32f4xx_hal_dma_ex.c...
compiling stm32f4xx_hal.c...
compiling stm32f4xx_hal_i2c_ex.c...
compiling stm32f4xx_hal_exti.c...
compiling stm32f4xx_hal_crc.c...
compiling stm32f4xx_hal_uart.c...
compiling stm32f4xx_hal_spi.c...
compiling stm32f4xx_hal_i2c.c...
compiling system_stm32f4xx.c...
compiling int_w25q128.c...
compiling app_update.c...
compiling Int_can2.c...
compiling int_w24c02.c...
linking...
Program Size: Code=11326 RO-data=450 RW-data=40 ZI-data=17864  
FromELF: creating hex file...
After Build - User command #1: "C:\Keil_v5\\ARM\ARMCC\bin\fromelf.exe" --bin --output="LED_W\LED_W.bin" "LED_W\LED_W.axf"
"LED_W\LED_W.axf" - 0 Error(s), 0 Warning(s).
Build Time Elapsed:  00:00:44
